<?xml version="1.0" encoding="UTF-8"?>
<!-- Generated by org.testng.reporters.JUnitReportReporter -->
<testsuite skipped="1" hostname="DESKTOP-Venky" name="annotation.Annotations" tests="4" failures="0" timestamp="30 Oct 2023 06:25:43 GMT" time="0.021" errors="0">
  <testcase name="sigout" time="0.001" classname="annotation.Annotations"/>
  <testcase name="signup" time="0.003" classname="annotation.Annotations"/>
  <testcase name="Enhancementcase" time="0.012" classname="annotation.Annotations">
    <skipped/>
  </testcase> <!-- Enhancementcase -->
  <testcase name="login" time="0.005" classname="annotation.Annotations"/>
</testsuite> <!-- annotation.Annotations -->
