<?xml version="1.0" encoding="UTF-8"?>
<!-- Generated by org.testng.reporters.JUnitReportReporter -->
<testsuite skipped="0" hostname="DESKTOP-Venky" name="annotation.ProrityBased" tests="3" failures="0" timestamp="12 Oct 2023 06:32:20 GMT" time="0.031" errors="0">
  <testcase name="signup" time="0.024" classname="annotation.ProrityBased"/>
  <testcase name="login" time="0.003" classname="annotation.ProrityBased"/>
  <testcase name="sigout" time="0.004" classname="annotation.ProrityBased"/>
</testsuite> <!-- annotation.ProrityBased -->
